<?xml version="1.0" encoding="UTF-8"?>
<!-- Generated by org.testng.reporters.JUnitReportReporter -->
<testsuite skipped="3" hostname="DESKTOP-M0K5BIV" name="Frmwrk.Seleniumframeworkvikesh.TestGotoCartFunctionality" tests="6" failures="0" timestamp="2019-11-09T20:37:12 IST" time="78.298" errors="1">
  <testcase name="addAnItemTotheCart" time="34.815" classname="Frmwrk.Seleniumframeworkvikesh.TestGotoCartFunctionality"/>
  <testcase name="addAnItemTotheCart" time="43.365" classname="Frmwrk.Seleniumframeworkvikesh.TestGotoCartFunctionality"/>
  <testcase name="addAnItemTotheCart" time="0.118" classname="Frmwrk.Seleniumframeworkvikesh.TestGotoCartFunctionality">
    <error type="java.lang.IllegalStateException" message="The driver executable does not exist: C:\Users\vpawar\Documents\Bluetooth\chromedriver_win32\chromedriver.exe">
      <![CDATA[java.lang.IllegalStateException: The driver executable does not exist: C:\Users\vpawar\Documents\Bluetooth\chromedriver_win32\chromedriver.exe
at com.google.common.base.Preconditions.checkState(Preconditions.java:534)
at org.openqa.selenium.remote.service.DriverService.checkExecutable(DriverService.java:147)
at org.openqa.selenium.remote.service.DriverService.findExecutable(DriverService.java:142)
at org.openqa.selenium.chrome.ChromeDriverService.access$000(ChromeDriverService.java:35)
at org.openqa.selenium.chrome.ChromeDriverService$Builder.findDefaultExecutable(ChromeDriverService.java:177)
at org.openqa.selenium.remote.service.DriverService$Builder.build(DriverService.java:363)
at org.openqa.selenium.chrome.ChromeDriverService.createDefaultService(ChromeDriverService.java:100)
at org.openqa.selenium.chrome.ChromeDriver.<init>(ChromeDriver.java:105)
at Browsers.ChromeBrowser.<init>(ChromeBrowser.java:28)
at Browsers.BrowserFactory.provideBrowser(BrowserFactory.java:17)
at Frmwrk.Seleniumframeworkvikesh.TestGotoCartFunctionality.addAnItemTotheCart(TestGotoCartFunctionality.java:32)
at sun.reflect.NativeMethodAccessorImpl.invoke0(Native Method)
at sun.reflect.NativeMethodAccessorImpl.invoke(Unknown Source)
at sun.reflect.DelegatingMethodAccessorImpl.invoke(Unknown Source)
at java.lang.reflect.Method.invoke(Unknown Source)
at org.testng.internal.MethodInvocationHelper.invokeMethod(MethodInvocationHelper.java:133)
at org.testng.internal.TestInvoker.invokeMethod(TestInvoker.java:584)
at org.testng.internal.TestInvoker.invokeTestMethod(TestInvoker.java:172)
at org.testng.internal.MethodRunner.runInSequence(MethodRunner.java:46)
at org.testng.internal.TestInvoker$MethodInvocationAgent.invoke(TestInvoker.java:804)
at org.testng.internal.TestInvoker.invokeTestMethods(TestInvoker.java:145)
at org.testng.internal.TestMethodWorker.invokeTestMethods(TestMethodWorker.java:146)
at org.testng.internal.TestMethodWorker.run(TestMethodWorker.java:128)
at java.util.ArrayList.forEach(Unknown Source)
at org.testng.TestRunner.privateRun(TestRunner.java:770)
at org.testng.TestRunner.run(TestRunner.java:591)
at org.testng.SuiteRunner.runTest(SuiteRunner.java:402)
at org.testng.SuiteRunner.runSequentially(SuiteRunner.java:396)
at org.testng.SuiteRunner.privateRun(SuiteRunner.java:355)
at org.testng.SuiteRunner.run(SuiteRunner.java:304)
at org.testng.SuiteRunnerWorker.runSuite(SuiteRunnerWorker.java:53)
at org.testng.SuiteRunnerWorker.run(SuiteRunnerWorker.java:96)
at org.testng.TestNG.runSuitesSequentially(TestNG.java:1180)
at org.testng.TestNG.runSuitesLocally(TestNG.java:1102)
at org.testng.TestNG.runSuites(TestNG.java:1032)
at org.testng.TestNG.run(TestNG.java:1000)
at org.testng.remote.AbstractRemoteTestNG.run(AbstractRemoteTestNG.java:115)
at org.testng.remote.RemoteTestNG.initAndRun(RemoteTestNG.java:251)
at org.testng.remote.RemoteTestNG.main(RemoteTestNG.java:77)
]]>
    </error>
  </testcase> <!-- addAnItemTotheCart -->
  <testcase name="TestLogin" classname="Frmwrk.Seleniumframeworkvikesh.TestGotoCartFunctionality">
    <skipped/>
  </testcase> <!-- TestLogin -->
  <testcase name="TestLogin" classname="Frmwrk.Seleniumframeworkvikesh.TestGotoCartFunctionality">
    <skipped/>
  </testcase> <!-- TestLogin -->
  <testcase name="TestLogin" classname="Frmwrk.Seleniumframeworkvikesh.TestGotoCartFunctionality">
    <skipped/>
  </testcase> <!-- TestLogin -->
</testsuite> <!-- Frmwrk.Seleniumframeworkvikesh.TestGotoCartFunctionality -->
