<?xml version="1.0" encoding="UTF-8"?>
<!-- Generated by org.testng.reporters.JUnitXMLReporter -->
<testsuite hostname="DESKTOP-M0K5BIV" ignored="1" name="Chrome test" tests="1" failures="1" timestamp="2019-11-09T20:35:54 IST" time="0.223" errors="0">
  <testcase name="addAnItemTotheCart" time="0.118" classname="Frmwrk.Seleniumframeworkvikesh.TestGotoCartFunctionality">
    <failure type="java.lang.IllegalStateException" message="The driver executable does not exist: C:\Users\vpawar\Documents\Bluetooth\chromedriver_win32\chromedriver.exe">
      <![CDATA[java.lang.IllegalStateException: The driver executable does not exist: C:\Users\vpawar\Documents\Bluetooth\chromedriver_win32\chromedriver.exe
at com.google.common.base.Preconditions.checkState(Preconditions.java:534)
at org.openqa.selenium.remote.service.DriverService.checkExecutable(DriverService.java:147)
at org.openqa.selenium.remote.service.DriverService.findExecutable(DriverService.java:142)
at org.openqa.selenium.chrome.ChromeDriverService.access$000(ChromeDriverService.java:35)
at org.openqa.selenium.chrome.ChromeDriverService$Builder.findDefaultExecutable(ChromeDriverService.java:177)
at org.openqa.selenium.remote.service.DriverService$Builder.build(DriverService.java:363)
at org.openqa.selenium.chrome.ChromeDriverService.createDefaultService(ChromeDriverService.java:100)
at org.openqa.selenium.chrome.ChromeDriver.<init>(ChromeDriver.java:105)
at Browsers.ChromeBrowser.<init>(ChromeBrowser.java:28)
at Browsers.BrowserFactory.provideBrowser(BrowserFactory.java:17)
at Frmwrk.Seleniumframeworkvikesh.TestGotoCartFunctionality.addAnItemTotheCart(TestGotoCartFunctionality.java:32)
at java.util.ArrayList.forEach(Unknown Source)
... Removed 27 stack frames]]>
    </failure>
  </testcase> <!-- addAnItemTotheCart -->
  <testcase name="TestLogin" time="0.0" classname="Frmwrk.Seleniumframeworkvikesh.TestGotoCartFunctionality">
    <ignored/>
  </testcase> <!-- TestLogin -->
</testsuite> <!-- Chrome test -->
